# JRE version: OpenJDK Runtime Environment (8.0_242-b01) (build 1.8.0_242-release-1644-b01)
# Java VM: OpenJDK 64-Bit Server VM (25.242-b01 mixed mode windows-amd64 compressed oops)
Heap:
 PSYoungGen      total 494592K, used 227467K [0x00000000d5580000, 0x00000000f5280000, 0x0000000100000000)
  eden space 467968K, 47% used [0x00000000d5580000,0x00000000e2f8c570,0x00000000f1e80000)
  from space 26624K, 15% used [0x00000000f1e80000,0x00000000f22969d8,0x00000000f3880000)
  to   space 20480K, 0% used [0x00000000f3e80000,0x00000000f3e80000,0x00000000f5280000)
 ParOldGen       total 214528K, used 104116K [0x0000000080000000, 0x000000008d180000, 0x00000000d5580000)
  object space 214528K, 48% used [0x0000000080000000,0x00000000865ad198,0x000000008d180000)
 Metaspace       used 99132K, capacity 104088K, committed 104232K, reserved 1140736K
  class space    used 12897K, capacity 13846K, committed 13872K, reserved 1048576K
GC Heap History (10 events):
Event: 1128.540 GC heap before
{Heap before GC invocations=27 (full 4):
 PSYoungGen      total 346112K, used 322103K [0x00000000d5580000, 0x00000000ec500000, 0x0000000100000000)
  eden space 315904K, 100% used [0x00000000d5580000,0x00000000e8a00000,0x00000000e8a00000)
  from space 30208K, 20% used [0x00000000ea780000,0x00000000ead8dff0,0x00000000ec500000)
  to   space 30208K, 0% used [0x00000000e8a00000,0x00000000e8a00000,0x00000000ea780000)
 ParOldGen       total 214528K, used 83846K [0x0000000080000000, 0x000000008d180000, 0x00000000d5580000)
  object space 214528K, 39% used [0x0000000080000000,0x00000000851e1a50,0x000000008d180000)
 Metaspace       used 98209K, capacity 102978K, committed 103208K, reserved 1138688K
  class space    used 12816K, capacity 13733K, committed 13872K, reserved 1048576K
Event: 1128.635 GC heap after
Heap after GC invocations=27 (full 4):
 PSYoungGen      total 346112K, used 7792K [0x00000000d5580000, 0x00000000f1900000, 0x0000000100000000)
  eden space 315904K, 0% used [0x00000000d5580000,0x00000000d5580000,0x00000000e8a00000)
  from space 30208K, 25% used [0x00000000e8a00000,0x00000000e919c098,0x00000000ea780000)
  to   space 28672K, 0% used [0x00000000efd00000,0x00000000efd00000,0x00000000f1900000)
 ParOldGen       total 214528K, used 88711K [0x0000000080000000, 0x000000008d180000, 0x00000000d5580000)
  object space 214528K, 41% used [0x0000000080000000,0x00000000856a1d38,0x000000008d180000)
 Metaspace       used 98209K, capacity 102978K, committed 103208K, reserved 1138688K
  class space    used 12816K, capacity 13733K, committed 13872K, reserved 1048576K
}
Event: 1129.888 GC heap before
{Heap before GC invocations=28 (full 4):
 PSYoungGen      total 346112K, used 323696K [0x00000000d5580000, 0x00000000f1900000, 0x0000000100000000)
  eden space 315904K, 100% used [0x00000000d5580000,0x00000000e8a00000,0x00000000e8a00000)
  from space 30208K, 25% used [0x00000000e8a00000,0x00000000e919c098,0x00000000ea780000)
  to   space 28672K, 0% used [0x00000000efd00000,0x00000000efd00000,0x00000000f1900000)
 ParOldGen       total 214528K, used 88711K [0x0000000080000000, 0x000000008d180000, 0x00000000d5580000)
  object space 214528K, 41% used [0x0000000080000000,0x00000000856a1d38,0x000000008d180000)
 Metaspace       used 98385K, capacity 103192K, committed 103464K, reserved 1138688K
  class space    used 12818K, capacity 13736K, committed 13872K, reserved 1048576K
Event: 1129.900 GC heap after
Heap after GC invocations=28 (full 4):
 PSYoungGen      total 420352K, used 3360K [0x00000000d5580000, 0x00000000f1200000, 0x0000000100000000)
  eden space 398848K, 0% used [0x00000000d5580000,0x00000000d5580000,0x00000000edb00000)
  from space 21504K, 15% used [0x00000000efd00000,0x00000000f0048000,0x00000000f1200000)
  to   space 28160K, 0% used [0x00000000edb00000,0x00000000edb00000,0x00000000ef680000)
 ParOldGen       total 214528K, used 95872K [0x0000000080000000, 0x000000008d180000, 0x00000000d5580000)
  object space 214528K, 44% used [0x0000000080000000,0x0000000085da0220,0x000000008d180000)
 Metaspace       used 98385K, capacity 103192K, committed 103464K, reserved 1138688K
  class space    used 12818K, capacity 13736K, committed 13872K, reserved 1048576K
}
Event: 1130.619 GC heap before
{Heap before GC invocations=29 (full 4):
 PSYoungGen      total 420352K, used 402208K [0x00000000d5580000, 0x00000000f1200000, 0x0000000100000000)
  eden space 398848K, 100% used [0x00000000d5580000,0x00000000edb00000,0x00000000edb00000)
  from space 21504K, 15% used [0x00000000efd00000,0x00000000f0048000,0x00000000f1200000)
  to   space 28160K, 0% used [0x00000000edb00000,0x00000000edb00000,0x00000000ef680000)
 ParOldGen       total 214528K, used 95872K [0x0000000080000000, 0x000000008d180000, 0x00000000d5580000)
  object space 214528K, 44% used [0x0000000080000000,0x0000000085da0220,0x000000008d180000)
 Metaspace       used 98439K, capacity 103266K, committed 103464K, reserved 1138688K
  class space    used 12819K, capacity 13737K, committed 13872K, reserved 1048576K
Event: 1130.631 GC heap after
Heap after GC invocations=29 (full 4):
 PSYoungGen      total 427008K, used 3664K [0x00000000d5580000, 0x00000000f5980000, 0x0000000100000000)
  eden space 398848K, 0% used [0x00000000d5580000,0x00000000d5580000,0x00000000edb00000)
  from space 28160K, 13% used [0x00000000edb00000,0x00000000ede94010,0x00000000ef680000)
  to   space 27648K, 0% used [0x00000000f3e80000,0x00000000f3e80000,0x00000000f5980000)
 ParOldGen       total 214528K, used 98464K [0x0000000080000000, 0x000000008d180000, 0x00000000d5580000)
  object space 214528K, 45% used [0x0000000080000000,0x0000000086028148,0x000000008d180000)
 Metaspace       used 98439K, capacity 103266K, committed 103464K, reserved 1138688K
  class space    used 12819K, capacity 13737K, committed 13872K, reserved 1048576K
}
Event: 1131.859 GC heap before
{Heap before GC invocations=30 (full 4):
 PSYoungGen      total 427008K, used 402512K [0x00000000d5580000, 0x00000000f5980000, 0x0000000100000000)
  eden space 398848K, 100% used [0x00000000d5580000,0x00000000edb00000,0x00000000edb00000)
  from space 28160K, 13% used [0x00000000edb00000,0x00000000ede94010,0x00000000ef680000)
  to   space 27648K, 0% used [0x00000000f3e80000,0x00000000f3e80000,0x00000000f5980000)
 ParOldGen       total 214528K, used 98464K [0x0000000080000000, 0x000000008d180000, 0x00000000d5580000)
  object space 214528K, 45% used [0x0000000080000000,0x0000000086028148,0x000000008d180000)
 Metaspace       used 98512K, capacity 103344K, committed 103720K, reserved 1138688K
  class space    used 12822K, capacity 13738K, committed 13872K, reserved 1048576K
Event: 1131.870 GC heap after
Heap after GC invocations=30 (full 4):
 PSYoungGen      total 488448K, used 4901K [0x00000000d5580000, 0x00000000f5280000, 0x0000000100000000)
  eden space 467968K, 0% used [0x00000000d5580000,0x00000000d5580000,0x00000000f1e80000)
  from space 20480K, 23% used [0x00000000f3e80000,0x00000000f4349628,0x00000000f5280000)
  to   space 26624K, 0% used [0x00000000f1e80000,0x00000000f1e80000,0x00000000f3880000)
 ParOldGen       total 214528K, used 100929K [0x0000000080000000, 0x000000008d180000, 0x00000000d5580000)
  object space 214528K, 47% used [0x0000000080000000,0x0000000086290700,0x000000008d180000)
 Metaspace       used 98512K, capacity 103344K, committed 103720K, reserved 1138688K
  class space    used 12822K, capacity 13738K, committed 13872K, reserved 1048576K
}
Event: 1133.131 GC heap before
{Heap before GC invocations=31 (full 4):
 PSYoungGen      total 488448K, used 472869K [0x00000000d5580000, 0x00000000f5280000, 0x0000000100000000)
  eden space 467968K, 100% used [0x00000000d5580000,0x00000000f1e80000,0x00000000f1e80000)
  from space 20480K, 23% used [0x00000000f3e80000,0x00000000f4349628,0x00000000f5280000)
  to   space 26624K, 0% used [0x00000000f1e80000,0x00000000f1e80000,0x00000000f3880000)
 ParOldGen       total 214528K, used 100929K [0x0000000080000000, 0x000000008d180000, 0x00000000d5580000)
  object space 214528K, 47% used [0x0000000080000000,0x0000000086290700,0x000000008d180000)
 Metaspace       used 98582K, capacity 103440K, committed 103720K, reserved 1138688K
  class space    used 12824K, capacity 13740K, committed 13872K, reserved 1048576K
Event: 1133.145 GC heap after
Heap after GC invocations=31 (full 4):
 PSYoungGen      total 494592K, used 4186K [0x00000000d5580000, 0x00000000f5280000, 0x0000000100000000)
  eden space 467968K, 0% used [0x00000000d5580000,0x00000000d5580000,0x00000000f1e80000)
  from space 26624K, 15% used [0x00000000f1e80000,0x00000000f22969d8,0x00000000f3880000)
  to   space 20480K, 0% used [0x00000000f3e80000,0x00000000f3e80000,0x00000000f5280000)
 ParOldGen       total 214528K, used 104116K [0x0000000080000000, 0x000000008d180000, 0x00000000d5580000)
  object space 214528K, 48% used [0x0000000080000000,0x00000000865ad198,0x000000008d180000)
 Metaspace       used 98582K, capacity 103440K, committed 103720K, reserved 1138688K
  class space    used 12824K, capacity 13740K, committed 13872K, reserved 1048576K
}

